<?xml version="1.0" encoding="UTF-8"?>
<testsuite name="com.jinroon.jobe.domain.diagnosis.service.DiagnosisScoringServiceTest" tests="7" skipped="0" failures="0" errors="0" timestamp="2026-06-03T08:35:30.004Z" hostname="DESKTOP-FLIU7FT" time="0.12">
  <properties/>
  <testcase name="rejectsOtherUsersSession()" classname="com.jinroon.jobe.domain.diagnosis.service.DiagnosisScoringServiceTest" time="0.105"/>
  <testcase name="appliesDifficultyWeightWhenScoringCompetency()" classname="com.jinroon.jobe.domain.diagnosis.service.DiagnosisScoringServiceTest" time="0.005"/>
  <testcase name="scoresCompetencyFromSavedAnswersUsingServerCorrectAnswer()" classname="com.jinroon.jobe.domain.diagnosis.service.DiagnosisScoringServiceTest" time="0.003"/>
  <testcase name="throwsWhenAnswersAreMissing()" classname="com.jinroon.jobe.domain.diagnosis.service.DiagnosisScoringServiceTest" time="0.002"/>
  <testcase name="zeroMaxWeightAxisIsScoredAsZero()" classname="com.jinroon.jobe.domain.diagnosis.service.DiagnosisScoringServiceTest" time="0.001"/>
  <testcase name="updatesExistingCompetencyResultInsteadOfCreatingDuplicate()" classname="com.jinroon.jobe.domain.diagnosis.service.DiagnosisScoringServiceTest" time="0.001"/>
  <testcase name="throwsWhenAnsweredQuestionIsMissing()" classname="com.jinroon.jobe.domain.diagnosis.service.DiagnosisScoringServiceTest" time="0.002"/>
  <system-out><![CDATA[]]></system-out>
  <system-err><![CDATA[]]></system-err>
</testsuite>
