<?xml version="1.0" encoding="UTF-8"?>
<testsuite name="com.jinroon.jobe.domain.consultation.service.ConsultationServiceTest" tests="5" skipped="0" failures="0" errors="0" timestamp="2026-06-24T03:41:01.352Z" hostname="DESKTOP-FLIU7FT" time="0.573">
  <properties/>
  <testcase name="createMessageRejectsEndedSession()" classname="com.jinroon.jobe.domain.consultation.service.ConsultationServiceTest" time="0.521"/>
  <testcase name="createMessageWithAiReplyStoresUserAndAssistantLogs()" classname="com.jinroon.jobe.domain.consultation.service.ConsultationServiceTest" time="0.017"/>
  <testcase name="createMessageRejectsOtherUsersSession()" classname="com.jinroon.jobe.domain.consultation.service.ConsultationServiceTest" time="0.003"/>
  <testcase name="createMessageIncludesDiagnosisAndTopMajorContextWhenDiagnosisExists()" classname="com.jinroon.jobe.domain.consultation.service.ConsultationServiceTest" time="0.025"/>
  <testcase name="createMessageStoresFallbackAssistantLogWhenAiServiceReturnsNull()" classname="com.jinroon.jobe.domain.consultation.service.ConsultationServiceTest" time="0.004"/>
  <system-out><![CDATA[]]></system-out>
  <system-err><![CDATA[]]></system-err>
</testsuite>
