<?xml version="1.0" encoding="UTF-8"?>
<testsuite name="com.jinroon.jobe.JobeApplicationTests" tests="1" skipped="0" failures="0" errors="0" timestamp="2026-06-24T03:40:56.373Z" hostname="DESKTOP-FLIU7FT" time="4.971">
  <properties/>
  <testcase name="contextLoads()" classname="com.jinroon.jobe.JobeApplicationTests" time="0.245"/>
  <system-out><![CDATA[12:40:56.488 [Test worker] INFO org.springframework.test.context.support.AnnotationConfigContextLoaderUtils -- Could not detect default configuration classes for test class [com.jinroon.jobe.JobeApplicationTests]: JobeApplicationTests does not declare any static, non-private, non-final, nested classes annotated with @Configuration.
12:40:56.574 [Test worker] INFO org.springframework.boot.test.context.SpringBootTestContextBootstrapper -- Found @SpringBootConfiguration com.jinroon.jobe.JobeApplication for test class com.jinroon.jobe.JobeApplicationTests
12:40:56.625 [Test worker] INFO org.springframework.test.context.support.AnnotationConfigContextLoaderUtils -- Could not detect default configuration classes for test class [com.jinroon.jobe.JobeApplicationTests]: JobeApplicationTests does not declare any static, non-private, non-final, nested classes annotated with @Configuration.
12:40:56.626 [Test worker] INFO org.springframework.boot.test.context.SpringBootTestContextBootstrapper -- Found @SpringBootConfiguration com.jinroon.jobe.JobeApplication for test class com.jinroon.jobe.JobeApplicationTests

  .   ____          _            __ _ _
 /\\ / ___'_ __ _ _(_)_ __  __ _ \ \ \ \
( ( )\___ | '_ | '_| | '_ \/ _` | \ \ \ \
 \\/  ___)| |_)| | | | | || (_| |  ) ) ) )
  '  |____| .__|_| |_|_| |_\__, | / / / /
 =========|_|==============|___/=/_/_/_/

 :: Spring Boot ::                (v4.0.6)

2026-06-24T12:40:56.857+09:00  INFO 9456 --- [    Test worker] com.jinroon.jobe.JobeApplicationTests    : Starting JobeApplicationTests using Java 17.0.19 with PID 9456 (started by KJY in C:\proj\JO\JOBE)
2026-06-24T12:40:56.857+09:00  INFO 9456 --- [    Test worker] com.jinroon.jobe.JobeApplicationTests    : The following 1 profile is active: "dev"
2026-06-24T12:40:57.521+09:00  INFO 9456 --- [    Test worker] .s.d.r.c.RepositoryConfigurationDelegate : Bootstrapping Spring Data JPA repositories in DEFAULT mode.
2026-06-24T12:40:57.610+09:00  INFO 9456 --- [    Test worker] .s.d.r.c.RepositoryConfigurationDelegate : Finished Spring Data repository scanning in 77 ms. Found 21 JPA repository interfaces.
2026-06-24T12:40:58.057+09:00  INFO 9456 --- [    Test worker] org.hibernate.orm.jpa                    : HHH008540: Processing PersistenceUnitInfo [name: default]
2026-06-24T12:40:58.100+09:00  INFO 9456 --- [    Test worker] org.hibernate.orm.core                   : HHH000001: Hibernate ORM core version 7.2.12.Final
2026-06-24T12:40:58.444+09:00  INFO 9456 --- [    Test worker] o.s.o.j.p.SpringPersistenceUnitInfo      : No LoadTimeWeaver setup: ignoring JPA class transformer
2026-06-24T12:40:58.464+09:00  INFO 9456 --- [    Test worker] com.zaxxer.hikari.HikariDataSource       : HikariPool-1 - Starting...
2026-06-24T12:40:58.633+09:00  INFO 9456 --- [    Test worker] com.zaxxer.hikari.pool.HikariPool        : HikariPool-1 - Added connection com.mysql.cj.jdbc.ConnectionImpl@82382d1
2026-06-24T12:40:58.634+09:00  INFO 9456 --- [    Test worker] com.zaxxer.hikari.HikariDataSource       : HikariPool-1 - Start completed.
2026-06-24T12:40:58.683+09:00  INFO 9456 --- [    Test worker] org.hibernate.orm.connections.pooling    : HHH10001005: Database info:
	Database JDBC URL [jdbc:mysql://localhost:3307/jobe]
	Database driver: MySQL Connector/J
	Database dialect: MySQLDialect
	Database version: 8.0.46
	Default catalog/schema: jobe/undefined
	Autocommit mode: undefined/unknown
	Isolation level: REPEATABLE_READ [default REPEATABLE_READ]
	JDBC fetch size: none
	Pool: DataSourceConnectionProvider
	Minimum pool size: undefined/unknown
	Maximum pool size: undefined/unknown
2026-06-24T12:40:59.393+09:00  INFO 9456 --- [    Test worker] org.hibernate.orm.core                   : HHH000489: No JTA platform available (set 'hibernate.transaction.jta.platform' to enable JTA platform integration)
Hibernate: alter table consultation_logs modify column role enum ('assistant','user') not null
Hibernate: alter table diagnosis_results modify column ai_comment_status enum ('FAILED','NOT_REQUESTED','PENDING','SKIPPED','SUCCEEDED') not null
Hibernate: alter table diagnosis_sessions modify column status enum ('abandoned','completed','in_progress') not null
Hibernate: alter table exam_questions modify column competency_category enum ('collaboration','communication','data_analysis','implementation','info_tech','math_logic','problem_solving','self_management','system_understanding') not null
Hibernate: alter table major_weekly_plans modify column ai_plan_status enum ('FAILED','NOT_REQUESTED','PENDING','SKIPPED','SUCCEEDED') not null
2026-06-24T12:40:59.555+09:00  INFO 9456 --- [    Test worker] j.LocalContainerEntityManagerFactoryBean : Initialized JPA EntityManagerFactory for persistence unit 'default'
2026-06-24T12:40:59.601+09:00  INFO 9456 --- [    Test worker] o.s.d.j.r.query.QueryEnhancerFactories   : Hibernate is in classpath; If applicable, HQL parser will be used.
2026-06-24T12:41:00.134+09:00  WARN 9456 --- [    Test worker] JpaBaseConfiguration$JpaWebConfiguration : spring.jpa.open-in-view is enabled by default. Therefore, database queries may be performed during view rendering. Explicitly configure spring.jpa.open-in-view to disable this warning
2026-06-24T12:41:00.248+09:00  INFO 9456 --- [    Test worker] r$InitializeUserDetailsManagerConfigurer : Global AuthenticationManager configured with UserDetailsService bean with name customUserDetailsService
2026-06-24T12:41:00.748+09:00  INFO 9456 --- [    Test worker] o.s.b.a.e.web.EndpointLinksResolver      : Exposing 1 endpoint beneath base path '/actuator'
2026-06-24T12:41:00.788+09:00  INFO 9456 --- [    Test worker] com.jinroon.jobe.JobeApplicationTests    : Started JobeApplicationTests in 4.127 seconds (process running for 5.013)
Hibernate: select count(*) from exam_questions eq1_0
2026-06-24T12:41:01.088+09:00  INFO 9456 --- [    Test worker] c.j.j.d.d.c.ExamQuestionSeedInitializer  : Exam question seed skipped because exam_questions already has data.
]]></system-out>
  <system-err><![CDATA[]]></system-err>
</testsuite>
