<?xml version="1.0" encoding="UTF-8"?>
<testsuite name="com.jinroon.jobe.domain.diagnosis.config.ExamQuestionSeedInitializerTest" tests="2" skipped="0" failures="0" errors="0" timestamp="2026-06-21T10:46:47.701Z" hostname="DESKTOP-FLIU7FT" time="0.07">
  <properties/>
  <testcase name="importsEvaluationQuestionsWhenTableIsEmpty()" classname="com.jinroon.jobe.domain.diagnosis.config.ExamQuestionSeedInitializerTest" time="0.067"/>
  <testcase name="skipsImportWhenQuestionsAlreadyExist()" classname="com.jinroon.jobe.domain.diagnosis.config.ExamQuestionSeedInitializerTest" time="0.002"/>
  <system-out><![CDATA[2026-06-21T19:46:47.765+09:00  INFO 25728 --- [    Test worker] c.j.j.d.d.c.ExamQuestionSeedInitializer  : Exam question seed imported count=60 path=classpath:data/evaluation-questions-separated-60.json
2026-06-21T19:46:47.770+09:00  INFO 25728 --- [    Test worker] c.j.j.d.d.c.ExamQuestionSeedInitializer  : Exam question seed skipped because exam_questions already has data.
]]></system-out>
  <system-err><![CDATA[]]></system-err>
</testsuite>
